\BOOKMARK [0][-]{chapter*.5}{List of Figures}{}% 1
\BOOKMARK [0][-]{chapter*.6}{List of Tables}{}% 2
\BOOKMARK [0][-]{chapter.1}{Introduction}{}% 3
\BOOKMARK [0][-]{chapter.2}{Motivation}{}% 4
\BOOKMARK [1][-]{section.2.1}{Project Scope}{chapter.2}% 5
\BOOKMARK [0][-]{chapter.3}{Background}{}% 6
\BOOKMARK [1][-]{section.3.1}{Speech Recognition}{chapter.3}% 7
\BOOKMARK [1][-]{section.3.2}{Mixed Reality User Interface}{chapter.3}% 8
\BOOKMARK [1][-]{section.3.3}{Robot Behavior Planning}{chapter.3}% 9
\BOOKMARK [1][-]{section.3.4}{Cognitive Load Theory and Testing}{chapter.3}% 10
\BOOKMARK [0][-]{chapter.4}{My First Main Part}{}% 11
\BOOKMARK [1][-]{section.4.1}{Objectives}{chapter.4}% 12
\BOOKMARK [2][-]{subsection.4.1.1}{RQ1: Human-Robot Communication}{section.4.1}% 13
\BOOKMARK [2][-]{subsection.4.1.2}{RQ2: Operator Cognitive Load}{section.4.1}% 14
\BOOKMARK [1][-]{section.4.2}{Proposed Solution}{chapter.4}% 15
\BOOKMARK [2][-]{subsection.4.2.1}{Milestone I}{section.4.2}% 16
\BOOKMARK [2][-]{subsection.4.2.2}{Milestone II}{section.4.2}% 17
\BOOKMARK [2][-]{subsection.4.2.3}{Project Management}{section.4.2}% 18
\BOOKMARK [1][-]{section.4.3}{Work Packages}{chapter.4}% 19
\BOOKMARK [2][-]{subsection.4.3.1}{Research}{section.4.3}% 20
\BOOKMARK [2][-]{subsection.4.3.2}{Implementation Process}{section.4.3}% 21
\BOOKMARK [0][-]{chapter.5}{My Second Main Part}{}% 22
\BOOKMARK [0][-]{chapter.6}{Evaluation}{}% 23
\BOOKMARK [1][-]{section.6.1}{Results}{chapter.6}% 24
\BOOKMARK [1][-]{section.6.2}{Discussions}{chapter.6}% 25
\BOOKMARK [0][-]{chapter.7}{Conclusion and Future Work}{}% 26
\BOOKMARK [1][-]{section.7.1}{Summary}{chapter.7}% 27
\BOOKMARK [1][-]{section.7.2}{Conclusion}{chapter.7}% 28
\BOOKMARK [1][-]{section.7.3}{Future Work}{chapter.7}% 29
\BOOKMARK [0][-]{section.7.3}{Bibliography}{}% 30
\BOOKMARK [0][-]{chapter*.10}{Appendices}{}% 31
\BOOKMARK [1][-]{chapter*.11}{Appendix A: Abbreviations}{chapter*.10}% 32
\BOOKMARK [1][-]{section*.12}{Appendix B: LaTeX Help}{chapter*.10}% 33
